<?xml version="1.0" encoding="UTF-8"?>
<!-- Generated by org.testng.reporters.JUnitXMLReporter -->
<testsuite ignored="0" hostname="helilshahyars-iMac.local" failures="0" tests="3" name="Alerts" time="20.438" errors="0" timestamp="2021-06-03T20:35:57 EDT">
  <testcase classname="tests.SeleniumEasyAlertTests" name="secondAlertTest" time="5.052"/>
  <testcase classname="tests.SeleniumEasyAlertTests" name="firstAlertTest" time="4.801"/>
  <testcase classname="tests.SeleniumEasyAlertTests" name="thirdAlertTest" time="7.869"/>
</testsuite> <!-- Alerts -->
