<?xml version="1.0" encoding="UTF-8"?>
<!-- Generated by org.testng.reporters.JUnitXMLReporter -->
<testsuite ignored="0" hostname="helilshahyars-iMac.local" failures="0" tests="10" name="Regression" time="38.657" errors="0" timestamp="2021-06-05T12:32:51 EDT">
  <testcase classname="tests.AmazonSearchTest" name="amazonSearchTest" time="7.452"/>
  <testcase classname="tests.AmazonSearchTest" name="dropDownTest" time="1.727"/>
  <testcase classname="tests.AmazonCreateAccountTest" name="f" time="0.0"/>
  <testcase classname="tests.AmazonItemPurchaseTest" name="f" time="0.0"/>
  <testcase classname="tests.AmazonAddToCartTest" name="f" time="0.0"/>
  <testcase classname="tests.AmazonYourOrderedItemListTest" name="f" time="0.0"/>
  <testcase classname="tests.AmazonSearchTest" name="searchResultVerify" time="7.386"/>
  <testcase classname="tests.SeleniumEasyAlertTests" name="secondAlertTest" time="5.076"/>
  <testcase classname="tests.SeleniumEasyAlertTests" name="firstAlertTest" time="4.447"/>
  <testcase classname="tests.SeleniumEasyAlertTests" name="thirdAlertTest" time="7.698"/>
</testsuite> <!-- Regression -->
